<?xml version="1.0" encoding="UTF-8"?>
<!-- Generated by org.testng.reporters.JUnitReportReporter -->
<testsuite skipped="0" hostname="EPBYMINW2705" name="test.java.TestSignIn" tests="5" failures="0" timestamp="17 Jul 2017 09:10:40 GMT" time="0.195" errors="0">
  <testcase name="userExistButIncorrectPassword" time="0.020" classname="test.java.TestSignIn"/>
  <testcase name="userExistEmptyString" time="0.005" classname="test.java.TestSignIn"/>
  <testcase name="userExistButIncorrectLogin" time="0.102" classname="test.java.TestSignIn"/>
  <testcase name="userIsNotExist" time="0.021" classname="test.java.TestSignIn"/>
  <testcase name="userExistCorrectData" time="0.047" classname="test.java.TestSignIn"/>
</testsuite> <!-- test.java.TestSignIn -->
