<?xml version="1.0" encoding="UTF-8"?>
<!-- Generated by org.testng.reporters.JUnitReportReporter -->
<testsuite skipped="0" hostname="Toxich-PC" name="test.java.TstSignOut" tests="2" failures="0" timestamp="17 Jul 2017 21:26:11 GMT" time="0.098" errors="0">
  <testcase name="scenario1" time="0.072" classname="test.java.TstSignOut"/>
  <testcase name="scenario2" time="0.026" classname="test.java.TstSignOut"/>
</testsuite> <!-- test.java.TstSignOut -->
