<?xml version="1.0" encoding="UTF-8"?>
<!-- Generated by org.testng.reporters.JUnitReportReporter -->
<testsuite skipped="0" hostname="EPBYMINW2705" name="test.java.TstMultithreadServer" tests="2" failures="0" timestamp="24 Jul 2017 13:59:36 GMT" time="0.604" errors="0">
  <testcase name="scenario1" time="0.275" classname="test.java.TstMultithreadServer"/>
  <testcase name="scenario2" time="0.329" classname="test.java.TstMultithreadServer"/>
</testsuite> <!-- test.java.TstMultithreadServer -->
