<?xml version="1.0" encoding="UTF-8"?>
<!-- Generated by org.testng.reporters.JUnitReportReporter -->
<testsuite skipped="0" hostname="EPBYMINW2705" name="test.java.TstSignIn" tests="5" failures="0" timestamp="17 Jul 2017 10:22:29 GMT" time="0.194" errors="0">
  <testcase name="userIsNotExist" time="0.017" classname="test.java.TstSignIn"/>
  <testcase name="userExistButIncorrectPassword" time="0.014" classname="test.java.TstSignIn"/>
  <testcase name="userExistCorrectData" time="0.042" classname="test.java.TstSignIn"/>
  <testcase name="userExistEmptyString" time="0.004" classname="test.java.TstSignIn"/>
  <testcase name="userExistButIncorrectLogin" time="0.117" classname="test.java.TstSignIn"/>
</testsuite> <!-- test.java.TstSignIn -->
