<?xml version="1.0" encoding="UTF-8"?>
<!-- Generated by org.testng.reporters.JUnitReportReporter -->
<testsuite skipped="0" hostname="Toxich-PC" name="test.java.TstMultithreadServer" tests="2" failures="0" timestamp="24 Jul 2017 19:59:26 GMT" time="0.066" errors="0">
  <testcase name="scenario1" time="0.033" classname="test.java.TstMultithreadServer"/>
  <testcase name="scenario2" time="0.033" classname="test.java.TstMultithreadServer"/>
</testsuite> <!-- test.java.TstMultithreadServer -->
