<?xml version="1.0" encoding="UTF-8"?>
<!-- Generated by org.testng.reporters.JUnitReportReporter -->
<testsuite skipped="0" hostname="EPBYMINW2705" name="test.java.TstRegister" tests="11" failures="0" timestamp="17 Jul 2017 10:22:29 GMT" time="0.101" errors="0">
  <testcase name="EmptyLoginNoUserInSystem" time="0.003" classname="test.java.TstRegister"/>
  <testcase name="incorLogIncorPassUserOut" time="0.002" classname="test.java.TstRegister"/>
  <testcase name="corLogCorPassUserIn" time="0.003" classname="test.java.TstRegister"/>
  <testcase name="corLogCorPassUserOut" time="0.047" classname="test.java.TstRegister"/>
  <testcase name="corLogIncorPassUserOut" time="0.003" classname="test.java.TstRegister"/>
  <testcase name="suchLoginAlreadyExistNoUserInSystem" time="0.016" classname="test.java.TstRegister"/>
  <testcase name="EmptyPasswordNoUserInSystem" time="0.006" classname="test.java.TstRegister"/>
  <testcase name="corLogIncorPassUserIn" time="0.007" classname="test.java.TstRegister"/>
  <testcase name="incorLogCorPassUserOut" time="0.003" classname="test.java.TstRegister"/>
  <testcase name="incorLogIncorPassUserIn" time="0.003" classname="test.java.TstRegister"/>
  <testcase name="incorLogCorPassUserIn" time="0.008" classname="test.java.TstRegister"/>
</testsuite> <!-- test.java.TstRegister -->
