<?xml version="1.0" encoding="UTF-8"?>
<!-- Generated by org.testng.reporters.JUnitReportReporter -->
<testsuite skipped="0" hostname="EPBYMINW2705" name="test.java.TstBanUser" tests="10" failures="0" timestamp="17 Jul 2017 10:22:29 GMT" time="0.201" errors="0">
  <testcase name="corLogIncorSignInUserIn" time="0.003" classname="test.java.TstBanUser"/>
  <testcase name="corLogCorSignInUserInAccessSABanExistedUser" time="0.097" classname="test.java.TstBanUser"/>
  <testcase name="corLogCorSignInUserInAccessABanExistedUserAlreadyBAN" time="0.022" classname="test.java.TstBanUser"/>
  <testcase name="corLogCorSignInUserInAccessUBan" time="0.003" classname="test.java.TstBanUser"/>
  <testcase name="corLogCorSignInUserInAccessABanExistedUser" time="0.049" classname="test.java.TstBanUser"/>
  <testcase name="corLogCorSignInUserInAccessABanSA" time="0.007" classname="test.java.TstBanUser"/>
  <testcase name="corLogCorSignInUserInAccessSABanYourself" time="0.004" classname="test.java.TstBanUser"/>
  <testcase name="corLogCorSignInUserInAccessU" time="0.003" classname="test.java.TstBanUser"/>
  <testcase name="corLogCorSignInUserOut" time="0.003" classname="test.java.TstBanUser"/>
  <testcase name="corLogCorSignInUserInAccessABanNoExistedUser" time="0.010" classname="test.java.TstBanUser"/>
</testsuite> <!-- test.java.TstBanUser -->
