<?xml version="1.0" encoding="UTF-8"?>
<!-- Generated by org.testng.reporters.JUnitReportReporter -->
<testsuite skipped="0" hostname="EPBYMINW2705" name="test.java.TstEditLogin" tests="2" failures="0" timestamp="17 Jul 2017 10:53:13 GMT" time="0.097" errors="0">
  <testcase name="corLogUserOut" time="0.003" classname="test.java.TstEditLogin"/>
  <testcase name="corLogUserInElseLogin" time="0.094" classname="test.java.TstEditLogin"/>
</testsuite> <!-- test.java.TstEditLogin -->
